[01m[K/home/uav1/ego+ctrl/ctrl_rgo_ws/cxr_ego_ctrl/src/cxr_egoctrl_v1/src/cxr_egoctrl_v1.cpp:[m[K In function â€˜[01m[Kvoid takeoff_command_cb(const ConstPtr&)[m[Kâ€™:
[01m[K/home/uav1/ego+ctrl/ctrl_rgo_ws/cxr_ego_ctrl/src/cxr_egoctrl_v1/src/cxr_egoctrl_v1.cpp:275:3:[m[K [01;31m[Kerror: [m[Kâ€˜[01m[Ktakeoff_command_flag[m[Kâ€™ was not declared in this scope
   [01;31m[Ktakeoff_command_flag[m[K = msg->data;
   [01;31m[K^~~~~~~~~~~~~~~~~~~~[m[K
[01m[K/home/uav1/ego+ctrl/ctrl_rgo_ws/cxr_ego_ctrl/src/cxr_egoctrl_v1/src/cxr_egoctrl_v1.cpp:275:3:[m[K [01;36m[Knote: [m[Ksuggested alternative: â€˜[01m[Ktakeoff_command_cb[m[Kâ€™
   [01;36m[Ktakeoff_command_flag[m[K = msg->data;
   [01;36m[K^~~~~~~~~~~~~~~~~~~~[m[K
   [32m[Ktakeoff_command_cb[m[K
[01m[K/home/uav1/ego+ctrl/ctrl_rgo_ws/cxr_ego_ctrl/src/cxr_egoctrl_v1/src/cxr_egoctrl_v1.cpp:[m[K In member function â€˜[01m[Kvoid Ctrl::control(const ros::TimerEvent&)[m[Kâ€™:
[01m[K/home/uav1/ego+ctrl/ctrl_rgo_ws/cxr_ego_ctrl/src/cxr_egoctrl_v1/src/cxr_egoctrl_v1.cpp:405:13:[m[K [01;31m[Kerror: [m[Kexpected â€˜[01m[K;[m[Kâ€™ before â€˜[01m[Kelse[m[Kâ€™
             [01;31m[Kelse[m[K if (ego_target_points[ego_points_index].flag == 2) {
             [01;31m[K^~~~[m[K
make[2]: *** [CMakeFiles/cxr_egoctrl_v1.dir/src/cxr_egoctrl_v1.cpp.o] Error 1
make[1]: *** [CMakeFiles/cxr_egoctrl_v1.dir/all] Error 2
make: *** [all] Error 2
