[35m[1mScanning dependencies of target exploration_controller[0m
[ 25%] [32mBuilding CXX object CMakeFiles/exploration_controller.dir/src/DataManager/data_manager.cpp.o[0m
In file included from [01m[K/opt/ros/melodic/include/ros/ros.h:40:0[m[K,
                 from [01m[K/home/uav1/fuel_ws/src/exploration/exploration_controller/include/DataManager/data_ros_input.h:7[m[K,
                 from [01m[K/home/uav1/fuel_ws/src/exploration/exploration_controller/include/DataManager/data_manager.h:4[m[K,
                 from [01m[K/home/uav1/fuel_ws/src/exploration/exploration_controller/src/DataManager/data_manager.cpp:1[m[K:
[01m[K/home/uav1/fuel_ws/src/exploration/exploration_controller/src/DataManager/data_manager.cpp:[m[K In member function ‚Äò[01m[Kvoid DataManager::update()[m[K‚Äô:
[01m[K/opt/ros/melodic/include/ros/console.h:348:176:[m[K [01;35m[Kwarning: [m[Kformat ‚Äò[01m[K%d[m[K‚Äô expects argument of type ‚Äò[01m[Kint[m[K‚Äô, but argument 8 has type ‚Äò[01m[Kstd::queue<UavState>::size_type {aka long unsigned int}[m[K‚Äô [[01;35m[K-Wformat=[m[K]
     ::ros::console::print(filter, __rosconsole_define_location__loc.logger_, __rosconsole_define_location__loc.level_, __FILE__, __LINE__, __ROSCONSOLE_FUNCTION__, __VA_ARGS__[01;35m[K)[m[K
                                                                                                                                                                                [01;35m[K^[m[K
[01m[K/opt/ros/melodic/include/ros/console.h:351:5:[m[K [01;36m[Knote: [m[Kin expansion of macro ‚Äò[01m[KROSCONSOLE_PRINT_AT_LOCATION_WITH_FILTER[m[K‚Äô
     [01;36m[KROSCONSOLE_PRINT_AT_LOCATION_WITH_FILTER[m[K(NULL, __VA_ARGS__)
     [01;36m[K^~~~~~~~~~~~~~~~~~~~~~~~~~~~~~~~~~~~~~~~[m[K
[01m[K/opt/ros/melodic/include/ros/console.h:387:7:[m[K [01;36m[Knote: [m[Kin expansion of macro ‚Äò[01m[KROSCONSOLE_PRINT_AT_LOCATION[m[K‚Äô
       [01;36m[KROSCONSOLE_PRINT_AT_LOCATION[m[K(__VA_ARGS__); \
       [01;36m[K^~~~~~~~~~~~~~~~~~~~~~~~~~~~[m[K
[01m[K/opt/ros/melodic/include/ros/console.h:572:35:[m[K [01;36m[Knote: [m[Kin expansion of macro ‚Äò[01m[KROS_LOG_COND[m[K‚Äô
 #define ROS_LOG(level, name, ...) [01;36m[KROS_LOG_COND[m[K(true, level, name, __VA_ARGS__)
                                   [01;36m[K^~~~~~~~~~~~[m[K
[01m[K/opt/ros/melodic/include/rosconsole/macros_generated.h:162:23:[m[K [01;36m[Knote: [m[Kin expansion of macro ‚Äò[01m[KROS_LOG[m[K‚Äô
 #define ROS_WARN(...) [01;36m[KROS_LOG[m[K(::ros::console::levels::Warn, ROSCONSOLE_DEFAULT_NAME, __VA_ARGS__)
                       [01;36m[K^~~~~~~[m[K
[01m[K/home/uav1/fuel_ws/src/exploration/exploration_controller/src/DataManager/data_manager.cpp:42:3:[m[K [01;36m[Knote: [m[Kin expansion of macro ‚Äò[01m[KROS_WARN[m[K‚Äô
   [01;36m[KR[m[KOS_WARN("ÈòüÂàóÂ§ßÂ∞èÔºö%d", plan_queue_.size());
   [01;36m[K^[m[K
[01m[K/home/uav1/fuel_ws/src/exploration/exploration_controller/src/DataManager/data_manager.cpp:[m[K In member function ‚Äò[01m[Kvoid DataManager::takeoff()[m[K‚Äô:
[01m[K/home/uav1/fuel_ws/src/exploration/exploration_controller/src/DataManager/data_manager.cpp:140:3:[m[K [01;31m[Kerror: [m[K‚Äò[01m[Ktime_add[m[K‚Äô was not declared in this scope
   [01;31m[Ktime_add[m[K = 0;
   [01;31m[K^~~~~~~~[m[K
[01m[K/home/uav1/fuel_ws/src/exploration/exploration_controller/src/DataManager/data_manager.cpp:140:3:[m[K [01;36m[Knote: [m[Ksuggested alternative: ‚Äò[01m[Ktimeradd[m[K‚Äô
   [01;36m[Ktime_add[m[K = 0;
   [01;36m[K^~~~~~~~[m[K
   [32m[Ktimeradd[m[K
CMakeFiles/exploration_controller.dir/build.make:62: recipe for target 'CMakeFiles/exploration_controller.dir/src/DataManager/data_manager.cpp.o' failed
make[2]: *** [CMakeFiles/exploration_controller.dir/src/DataManager/data_manager.cpp.o] Error 1
CMakeFiles/Makefile2:67: recipe for target 'CMakeFiles/exploration_controller.dir/all' failed
make[1]: *** [CMakeFiles/exploration_controller.dir/all] Error 2
Makefile:140: recipe for target 'all' failed
make: *** [all] Error 2
